2023-09-07 23:28:25,700 - INFO - Saved model: NNH_model_RepeatedKFold_7_lean.h5
2023-09-07 23:28:25,704 - INFO - Saved model: NNC_model_RepeatedKFold_7_lean.h5
2023-09-07 23:28:56,528 - INFO - Saved model: NNH_model_RepeatedKFold_10_lean.h5
2023-09-07 23:28:56,528 - INFO - Saved model: NNC_model_RepeatedKFold_10_lean.h5
2023-09-07 23:29:26,678 - INFO - Saved model: NNH_model_RepeatedKFold_5_mc.h5
2023-09-07 23:29:26,684 - INFO - Saved model: NNC_model_RepeatedKFold_5_mc.h5
2023-09-07 23:29:37,584 - INFO - Saved model: NNH_model_RepeatedKFold_8_lean.h5
2023-09-07 23:29:37,584 - INFO - Saved model: NNC_model_RepeatedKFold_8_lean.h5
2023-09-07 23:29:41,988 - INFO - Saved model: NNH_model_RepeatedKFold_4_lean.h5
2023-09-07 23:29:41,991 - INFO - Saved model: NNC_model_RepeatedKFold_4_lean.h5
2023-09-07 23:29:58,517 - INFO - Saved model: NNH_model_RepeatedKFold_6_lean.h5
2023-09-07 23:29:58,519 - INFO - Saved model: NNC_model_RepeatedKFold_6_lean.h5
2023-09-07 23:30:11,794 - INFO - Saved model: NNH_model_RepeatedKFold_9_lean.h5
2023-09-07 23:30:11,796 - INFO - Saved model: NNC_model_RepeatedKFold_9_lean.h5
2023-09-07 23:30:25,596 - INFO - Saved model: NNH_model_RepeatedKFold_11_lean.h5
2023-09-07 23:30:25,597 - INFO - Saved model: NNC_model_RepeatedKFold_11_lean.h5
2023-09-07 23:30:29,824 - INFO - Saved model: NNH_model_RepeatedKFold_5_lean.h5
2023-09-07 23:30:29,830 - INFO - Saved model: NNC_model_RepeatedKFold_5_lean.h5
2023-09-07 23:30:32,631 - INFO - Saved model: NNH_model_RepeatedKFold_1_lean.h5
2023-09-07 23:30:32,632 - INFO - Saved model: NNC_model_RepeatedKFold_1_lean.h5
2023-09-07 23:30:34,044 - INFO - Saved model: NNH_model_RepeatedKFold_12_lean.h5
2023-09-07 23:30:34,045 - INFO - Saved model: NNC_model_RepeatedKFold_12_lean.h5
2023-09-07 23:30:37,234 - INFO - Saved model: NNH_model_RepeatedKFold_3_lean.h5
2023-09-07 23:30:37,236 - INFO - Saved model: NNC_model_RepeatedKFold_3_lean.h5
2023-09-07 23:30:45,676 - INFO - Saved model: NNH_model_RepeatedKFold_2_lean.h5
2023-09-07 23:30:45,677 - INFO - Saved model: NNC_model_RepeatedKFold_2_lean.h5
2023-09-07 23:30:50,809 - INFO - Saved model: NNH_model_RepeatedKFold_9.h5
2023-09-07 23:30:50,810 - INFO - Saved model: NNC_model_RepeatedKFold_9.h5
2023-09-07 23:30:55,266 - INFO - Saved model: NNH_model_RepeatedKFold_2.h5
2023-09-07 23:30:55,268 - INFO - Saved model: NNC_model_RepeatedKFold_2.h5
2023-09-07 23:31:04,498 - INFO - Saved model: NNH_model_RepeatedKFold_4_mc.h5
2023-09-07 23:31:04,498 - INFO - Saved model: NNC_model_RepeatedKFold_4_mc.h5
2023-09-07 23:31:06,870 - INFO - Saved model: NNH_model_RepeatedKFold_3.h5
2023-09-07 23:31:06,870 - INFO - Saved model: NNC_model_RepeatedKFold_3.h5
2023-09-07 23:31:14,453 - INFO - Saved model: NNH_model_RepeatedKFold_10.h5
2023-09-07 23:31:14,453 - INFO - Saved model: NNC_model_RepeatedKFold_10.h5
2023-09-07 23:31:21,623 - INFO - Saved model: NNH_model_RepeatedKFold_6.h5
2023-09-07 23:31:21,624 - INFO - Saved model: NNC_model_RepeatedKFold_6.h5
2023-09-07 23:31:29,123 - INFO - Saved model: NNH_model_RepeatedKFold_7_mc.h5
2023-09-07 23:31:29,124 - INFO - Saved model: NNC_model_RepeatedKFold_7_mc.h5
2023-09-07 23:31:33,173 - INFO - Saved model: NNH_model_RepeatedKFold_8.h5
2023-09-07 23:31:33,175 - INFO - Saved model: NNC_model_RepeatedKFold_8.h5
2023-09-07 23:31:43,555 - INFO - Saved model: NNH_model_RepeatedKFold_12.h5
2023-09-07 23:31:43,556 - INFO - Saved model: NNC_model_RepeatedKFold_12.h5
2023-09-07 23:31:45,705 - INFO - Saved model: NNH_model_RepeatedKFold_8_mc.h5
2023-09-07 23:31:45,705 - INFO - Saved model: NNC_model_RepeatedKFold_8_mc.h5
2023-09-07 23:31:45,997 - INFO - Saved model: NNH_model_RepeatedKFold_11.h5
2023-09-07 23:31:45,997 - INFO - Saved model: NNC_model_RepeatedKFold_11.h5
2023-09-07 23:31:48,905 - INFO - Saved model: NNH_model_RepeatedKFold_12_mc.h5
2023-09-07 23:31:48,906 - INFO - Saved model: NNC_model_RepeatedKFold_12_mc.h5
2023-09-07 23:31:49,608 - INFO - Saved model: NNH_model_RepeatedKFold_9_mc.h5
2023-09-07 23:31:49,609 - INFO - Saved model: NNC_model_RepeatedKFold_9_mc.h5
2023-09-07 23:31:51,483 - INFO - Saved model: NNH_model_RepeatedKFold_7.h5
2023-09-07 23:31:51,484 - INFO - Saved model: NNC_model_RepeatedKFold_7.h5
2023-09-07 23:32:00,037 - INFO - Saved model: NNH_model_RepeatedKFold_6_mc.h5
2023-09-07 23:32:00,037 - INFO - Saved model: NNC_model_RepeatedKFold_6_mc.h5
2023-09-07 23:32:03,472 - INFO - Saved model: NNH_model_RepeatedKFold_11_mc.h5
2023-09-07 23:32:03,473 - INFO - Saved model: NNC_model_RepeatedKFold_11_mc.h5
2023-09-07 23:32:03,690 - INFO - Saved model: NNH_model_RepeatedKFold_3_mc.h5
2023-09-07 23:32:03,691 - INFO - Saved model: NNC_model_RepeatedKFold_3_mc.h5
2023-09-07 23:32:05,427 - INFO - Saved model: NNH_model_RepeatedKFold_4.h5
2023-09-07 23:32:05,428 - INFO - Saved model: NNC_model_RepeatedKFold_4.h5
2023-09-07 23:32:06,466 - INFO - Saved model: NNH_model_RepeatedKFold_5.h5
2023-09-07 23:32:06,467 - INFO - Saved model: NNC_model_RepeatedKFold_5.h5
2023-09-07 23:32:08,014 - INFO - Saved model: NNH_model_RepeatedKFold_1_mc.h5
2023-09-07 23:32:08,015 - INFO - Saved model: NNC_model_RepeatedKFold_1_mc.h5
2023-09-07 23:32:08,984 - INFO - Saved model: NNH_model_RepeatedKFold_2_mc.h5
2023-09-07 23:32:08,985 - INFO - Saved model: NNC_model_RepeatedKFold_2_mc.h5
2023-09-07 23:32:16,387 - INFO - Saved model: NNH_model_RepeatedKFold_10_mc.h5
2023-09-07 23:32:16,388 - INFO - Saved model: NNC_model_RepeatedKFold_10_mc.h5
2023-09-07 23:32:20,366 - INFO - Saved model: NNH_model_RepeatedKFold_1.h5
2023-09-07 23:32:20,366 - INFO - Saved model: NNC_model_RepeatedKFold_1.h5
